<?xml version="1.0" encoding="UTF-8"?>
<testsuite name="International" tests="2066" errors="0" failures="3" skip="0">
<testcase classname="International.Approach Path.Count Limit" name="Approachpath is not generated when countLimit is less than 0" time="0">
</testcase>
<testcase classname="International.Approach Path.Count Limit" name="Approachpath is not generated when countLimit is 0" time="0">
</testcase>
<testcase classname="International.Approach Path.Count Limit" name="Approachpath is not generated when countLimit more than 64" time="0">
</testcase>
<testcase classname="International.Approach Path.Count Limit" name="Approachpath traces count can be limited" time="0">
</testcase>
<testcase classname="International.Approach Path.Count Limit" name="Approachpath is generated when countLimit is 64" time="0">
</testcase>
<testcase classname="International.Approach Path.Count Limit" name="Approachpath is not generated when countLimit contains text" time="0">
</testcase>
<testcase classname="International.Approach Path.Direction" name="Approachpath contains forward trace and no backward when direction is forward" time="0">
</testcase>
<testcase classname="International.Approach Path.Direction" name="Approachpath contains backward trace and no forward when direction is backward" time="0">
</testcase>
<testcase classname="International.Approach Path.Direction" name="Approachpath contains forward and backward traces when direction is both" time="0">
</testcase>
<testcase classname="International.Approach Path.Direction" name="Approachpath is not generated when direction is not valid" time="0">
</testcase>
<testcase classname="International.Approach Path.Length Limit" name="Approachpath is not generated when lengthLimit is less than 0" time="0">
</testcase>
<testcase classname="International.Approach Path.Length Limit" name="Approachpath is not generated when lengthLimit is more than 128Km" time="0">
</testcase>
<testcase classname="International.Approach Path.Length Limit" name="Approachpath is not generated when lengthLimit is greater than profile limit" time="0">
</testcase>
<testcase classname="International.Approach Path.Length Limit" name="Approachpath is not generated when lengthLimit contains text" time="0">
</testcase>
<testcase classname="International.Approach Path.Length Limit" name="Approachpath is generated when lengthLimit is proper" time="0">
</testcase>
<testcase classname="International.Approach Path.Length Limit" name="Approachpath is generated when lengthLimit is less than or equal to profile limit" time="0">
</testcase>
<testcase classname="International.Approach Path.Length Limit" name="Approachpath is generated when lengthLimit is equal to profile with API max limit value" time="0">
</testcase>
<testcase classname="International.Approach Path.Length Limit" name="Forward trace is not longer that lengthLimit" time="0">
</testcase>
<testcase classname="International.Approach Path.Length Limit" name="Backward trace is not longer that lengthLimit" time="0">
</testcase>
<testcase classname="International.Approach Path.Length Limit" name="At least one of forward traces length is close to length limit when only length limit criteria is taken into account" time="2">
</testcase>
<testcase classname="International.Approach Path.Length Limit" name="At least one of backward traces length is close to length limit when only length limit criteria is taken into account" time="2">
</testcase>
<testcase classname="International.Approach Path.Location.Geo Location" name="Approachpath is calculated correctly for geo loaction input" time="0">
</testcase>
<testcase classname="International.Approach Path.Location.Geo Location" name="Approatchpath is not calculated when provided geo location latitude is below min" time="0">
</testcase>
<testcase classname="International.Approach Path.Location.Geo Location" name="Approatchpath is not calculated when provided geo location latitude is above max" time="0">
</testcase>
<testcase classname="International.Approach Path.Location.Geo Location" name="Approatchpath is not calculated when provided geo location longitude is below min" time="0">
</testcase>
<testcase classname="International.Approach Path.Location.Geo Location" name="Approatchpath is not calculated when provided geo location longitude is above max" time="0">
</testcase>
<testcase classname="International.Approach Path.Location.Geo Location" name="Approachpath is calculated correctly for geo location input without prefix" time="0">
</testcase>
<testcase classname="International.Approach Path.Location.Geo Location" name="Approachpath is calculated correctly for geo location with heading input without prefix" time="0">
</testcase>
<testcase classname="International.Approach Path.Location.Link Location" name="ApproachPath is calculated for link location" time="0">
</testcase>
<testcase classname="International.Approach Path.Location.Location" name="Approachpath is not calculated when location is not provided" time="0">
</testcase>
<testcase classname="International.Approach Path.Location.Location" name="Approachpath is not calculated when provided location is from wrong type" time="0">
</testcase>
<testcase classname="International.Approach Path.Location.Street Location" name="ApproachPath is calculated for street location" time="0">
</testcase>
<testcase classname="International.Approach Path.Location.Tolr Location" name="ApproachPath is calculated for TPEG OpenLR linear location" time="0">
</testcase>
<testcase classname="International.Approach Path.Location.Tolr Location" name="ApproachPath is not calculated for TPEG OpenLR point along the line location" time="0">
</testcase>
<testcase classname="International.Approach Path.Location.Tolr Location" name="ApproachPath is not calculated for TPEG OpenLR geo coordinate location" time="0">
</testcase>
<testcase classname="International.Approach Path.Location.Tolr Location" name="ApproachPath is not calculated for invalid TPEG" time="0">
</testcase>
<testcase classname="International.Approach Path.Profile" name="Approachpath is not calculated when profile is not provided" time="0">
</testcase>
<testcase classname="International.Approach Path.Profile" name="Approachpath is not calculated when profile is unknown" time="0">
</testcase>
<testcase classname="International.Approach Path.Trace Attributes" name="Approachpath contains shape trace and no linkids when traceAttributes is not provided" time="0">
</testcase>
<testcase classname="International.Approach Path.Trace Attributes" name="Approachpath does not contain shape trace and linkids when traceAttributes is none" time="0">
</testcase>
<testcase classname="International.Approach Path.Trace Attributes" name="Approachpath contains shape trace and linkids when traceAttributes is linkids" time="0">
</testcase>
<testcase classname="International.Approach Path.Trace Attributes" name="Approachpath contains linkids but not shape when traceAttributes is none,linkids" time="0">
</testcase>
<testcase classname="International.Approach Path.Trace Attributes" name="Approachpath is not generated when traceAttributes is none,all" time="0">
</testcase>
<testcase classname="International.Approach Path.Trace Attributes" name="Approachpath contains shape trace and linkids when traceAttributes is all" time="0">
</testcase>
<testcase classname="International.Autotests" name="Expected is a single constant" time="0">
</testcase>
<testcase classname="International.Autotests" name="Expected is a multiple constant" time="0">
</testcase>
<testcase classname="International.Autotests" name="Expected is a resulting with no arguments" time="0">
</testcase>
<testcase classname="International.Autotests" name="Expected is a resulting with one argument" time="0">
</testcase>
<testcase classname="International.Autotests" name="Expected is a resulting with multiple argument" time="0">
</testcase>
<testcase classname="International.Autotests" name="Actual is a resulting with one argument" time="0">
</testcase>
<testcase classname="International.Autotests" name="Actual is a resulting with multiple arguments" time="0">
</testcase>
<testcase classname="International.Autotests" name="Then should contain at least two arguments" time="0">
</testcase>
<testcase classname="International.Autotests" name="Then should have a 'resulting' as first argument" time="0">
</testcase>
<testcase classname="International.Autotests" name="Then should contain one 'must' keyword" time="0">
</testcase>
<testcase classname="International.Autotests" name="Failing test" time="0">
</testcase>
<testcase classname="International.Autotests" name="Then should preserve backslashes" time="0">
</testcase>
<testcase classname="International.Autotests" name="all of" time="0">
</testcase>
<testcase classname="International.Autotests" name="any of" time="0">
</testcase>
<testcase classname="International.Autotests" name="none of" time="0">
</testcase>
<testcase classname="International.Autotests" name="the 1st of" time="0">
</testcase>
<testcase classname="International.Autotests" name="the 2nd of" time="0">
</testcase>
<testcase classname="International.Autotests" name="the last of" time="0">
</testcase>
<testcase classname="International.Autotests" name="the penultimate of" time="0">
</testcase>
<testcase classname="International.Autotests" name="the number of" time="0">
</testcase>
<testcase classname="International.Autotests" name="the sum of" time="0">
</testcase>
<testcase classname="International.Autotests" name="the hadamard product of" time="0">
</testcase>
<testcase classname="International.Bicycle.Disabled Services" name="Bicycle isoline fails because it was disabled" time="0">
</testcase>
<testcase classname="International.Bicycle.Disabled Services" name="Matrix Routing service is not supported in bicycle mode" time="0">
</testcase>
<testcase classname="International.Bicycle.Instructions.Bicycle Instructions" name="Instructions in English are returned for bicycle mode if no language was requested" time="7">
</testcase>
<testcase classname="International.Bicycle.Instructions.Bicycle Instructions" name="Instructions in English are returned for bicycle mode if English language was requested" time="0">
</testcase>
<testcase classname="International.Bicycle.Instructions.Bicycle Instructions" name="Instructions in German are returned for bicycle mode if German language was requested" time="0">
</testcase>
<testcase classname="International.Bicycle.Route Calculation.Bicycle Avoid Areas" name="Route is calculated with avoiding an area when specified area includes car and pedestrian open roads" time="0">
</testcase>
<testcase classname="International.Bicycle.Route Calculation.Bicycle Avoid Areas" name="Route is calculated with avoiding an area when specified area is pedestrian only" time="0">
</testcase>
<testcase classname="International.Bicycle.Route Calculation.Bicycle Avoid Links" name="The specified linkId should be avoided" time="0">
</testcase>
<testcase classname="International.Bicycle.Route Calculation.Bicycle Avoid Links" name="All the specified links should be avoided when a viable route exists with alternates" time="0">
</testcase>
<testcase classname="International.Bicycle.Route Calculation.Bicycle Avoid Links" name="An itinerary warning is triggered when a viable route does not exist" time="0">
</testcase>
<testcase classname="International.Bicycle.Route Calculation.Bicycle No Through Handling" name="Area not allowed for public access is avoided if it does not contain any waypoint" time="0">
</testcase>
<testcase classname="International.Bicycle.Route Calculation.Bicycle No Through Handling" name="Area not allowed for public access is not avoided if destination waypoint is inside it" time="0">
</testcase>
<testcase classname="International.Bicycle.Route Calculation.Bicycle No Through Handling" name="Area not allowed for public access is not avoided if start waypoint is inside it" time="0">
</testcase>
<testcase classname="International.Bicycle.Route Calculation.Bicycle Park Attribute" name="Park soft exclude option doesn't consider park segments for route calculation" time="0">
</testcase>
<testcase classname="International.Bicycle.Route Calculation.Bicycle Park Attribute" name="Bicycle route calculation goes through a park if park soft exclude option is not set" time="0">
</testcase>
<testcase classname="International.Bicycle.Route Calculation.Bicycle Park Attribute" name="Bicycle route calculation in a park is using bicycle speed" time="0">
</testcase>
<testcase classname="International.Bicycle.Route Calculation.Bicycle Park Attribute" name="Bicycle route calculation does not switch to park for short distance" time="0">
</testcase>
<testcase classname="International.Bicycle.Route Calculation.Bicycle Routing Mode" name="Bicycle route mode calculates a bicycle route through a specific path" time="0">
</testcase>
<testcase classname="International.Bicycle.Route Calculation.Bicycle Routing Mode" name="Bicycle route mode calculates a bicycle route through a footpath" time="0">
</testcase>
<testcase classname="International.Bicycle.Route Calculation.Bicycle Routing Mode" name="Bicycle route mode calculates a bicycle route in normal conditions" time="0">
</testcase>
<testcase classname="International.Bicycle.Route Calculation.Bicycle Routing Mode" name="Bicycle route mode won't calculate a bicycle route on a motorway" time="0">
</testcase>
<testcase classname="International.Bicycle.Route Calculation.Bicycle Routing Mode" name="Bicycle route can use maneuvers that are forbidden for car" time="0">
</testcase>
<testcase classname="International.Bicycle.Route Calculation.Bicycle Speed" name="Bicycle route when ascending on a steep road decreases the bike speed" time="0">
</testcase>
<testcase classname="International.Bicycle.Route Calculation.Bicycle Speed" name="Bicycle route going against traffic is using pedestrian speed" time="0">
</testcase>
<testcase classname="International.Bicycle.Route Calculation.Bicycle Speed" name="Bicycle route involving pedestrian ferry is using ferry speed" time="0">
</testcase>
<testcase classname="International.Bicycle.Route Calculation.Bicycle Stairs Handling" name="Stairs are avoided if possible" time="0">
</testcase>
<testcase classname="International.Bicycle.Route Calculation.Bicycle Stairs Handling" name="Stairs are used if they cannot be avoided" time="0">
</testcase>
<testcase classname="International.Bicycle.Route Calculation.Bicycle Stop Over Waypoints" name="Adding a delayed VIA Waypoint does not affect ETA calculation" time="0">
</testcase>
<testcase classname="International.Bicycle.Route Calculation.Bicycle Stop Over Waypoints" name="Adding a delayed STOP Waypoint affect ETA calculation" time="0">
</testcase>
<testcase classname="International.Bicycle.Route Calculation.Bicycle Stop Over Waypoints" name="The first maneuver departure time of each leg should take in account the time spent in the stop over waypoints" time="0">
</testcase>
<testcase classname="International.Bicycle.Route Calculation.Bicycle Stop Over Waypoints" name="Waiting time of first waypoint is ignored" time="0">
</testcase>
<testcase classname="International.Bicycle.Route Calculation.Bicycle Uturn" name="Bicycle route takes u-turn" time="0">
</testcase>
<testcase classname="International.Bicycle.Route Calculation.Bicycle Uturn" name="Bicycle route takes u-turn on pedestrian only street" time="0">
</testcase>
<testcase classname="International.Bicycle.Route Calculation.Bicycle Walking Segments" name="Walking road flag is present for links that are against traffic direction and have park attribute" time="0">
</testcase>
<testcase classname="International.Bicycle.Route Calculation.Bicycle Walking Segments" name="Walking road flag is present for links that are on walkways" time="0">
</testcase>
<testcase classname="International.Bicycle.Route Calculation.Bicycle Walking Segments" name="Walking road flag is not present for park links" time="0">
</testcase>
<testcase classname="International.Bicycle.Route Calculation.Bicycle Walking Segments" name="Walking road flag is not present for normal roads with correct traffic direction" time="0">
</testcase>
<testcase classname="International.Bicycle.Route Calculation.Bicycle Walking Segments" name="Switching between biking and walking is penalized with a delay of 20 seconds" time="0">
</testcase>
<testcase classname="International.Bicycle.Route Calculation.Bicycle Walking Segments" name="Prefer walking at the beginning of the route if distance is shorter" time="0">
</testcase>
<testcase classname="International.Bicycle.Route Calculation.Bicycle Walking Segments" name="Maneuver has itinerary warning when any portion of it must be walked" time="0">
</testcase>
<testcase classname="International.Bicycle.Route Calculation.Bicycle Walking Segments" name="Ferry segments are not considered walking roads" time="0">
</testcase>
<testcase classname="International.Car.Itinerary Warnings.Administrative Division Change" name="Crossing a state border produces an admin division change warning" time="0">
</testcase>
<testcase classname="International.Car.Itinerary Warnings.Administrative Division Change" name="Crossing a province border produces an admin division change warning" time="0">
</testcase>
<testcase classname="International.Car.Itinerary Warnings.Administrative Division Change" name="Crossing multiple division borders produces multiple admin division change warnings" time="0">
</testcase>
<testcase classname="International.Car.Itinerary Warnings.Administrative Division Change" name="Crossing a country border produces a country change warning" time="0">
</testcase>
<testcase classname="International.Car.Itinerary Warnings.Administrative Division Change" name="Crossing state border generates a note in the continue maneuvers" time="0">
</testcase>
<testcase classname="International.Car.Itinerary Warnings.Administrative Division Change" name="Crossing multiple countries borders generates notes in continue maneuvers" time="0">
</testcase>
<testcase classname="International.Car.Itinerary Warnings.Administrative Division Change" name="Crossing multiple states borders generates notes in continue maneuvers" time="0">
</testcase>
<testcase classname="International.Car.Itinerary Warnings.Gate Access" name="Going through a gate access produces an itinerary warning" time="0">
</testcase>
<testcase classname="International.Car.Itinerary Warnings.Hov Carpool" name="Route avoiding HOV lanes should not contain HOV warnings" time="0">
</testcase>
<testcase classname="International.Car.Itinerary Warnings.Private Road" name="Going through a private road produces an itinerary warning" time="0">
</testcase>
<testcase classname="International.Car.Itinerary Warnings.Restricted Turn" name="Taking a restricted turn produces an itinerary warning" time="0">
</testcase>
<testcase classname="International.Car.Itinerary Warnings.Restricted Turn" name="Passing through a restricted turn junction but not taking it does not produce an itinerary warning" time="0">
</testcase>
<testcase classname="International.Car.Itinerary Warnings.Restricted Turn" name="Taking a long restricted turn produces an itinerary warning" time="0">
</testcase>
<testcase classname="International.Car.Itinerary Warnings.Restricted Turn" name="Passing through a junction with a long restricted turn but not taking it does not produce an itinerary warning" time="0">
</testcase>
<testcase classname="International.Car.Itinerary Warnings.Seasonal Closure" name="Going through a road with seasonal closure in non-time-aware mode produces an itinerary warning" time="0">
</testcase>
<testcase classname="International.Car.Itinerary Warnings.Time Aware Restrictions" name="Route using a time dependent HOV road legitimately should contain warnings" time="0">
</testcase>
<testcase classname="International.Car.Itinerary Warnings.Time Aware Restrictions" name="Route using a time dependent HOV road outside of HOV period should contain a warning" time="0">
</testcase>
<testcase classname="International.Car.Itinerary Warnings.Time Aware Restrictions" name="Route avoiding a time dependent HOV road should not contain a warning" time="0">
</testcase>
<testcase classname="International.Car.Itinerary Warnings.Time Aware Restrictions" name="Route forced through a time dependent HOV road should contain warnings" time="0">
</testcase>
<testcase classname="International.Car.Itinerary Warnings.Time Aware Restrictions" name="Route using time restricted road when allowed should contain a warning" time="0">
</testcase>
<testcase classname="International.Car.Itinerary Warnings.Time Aware Restrictions" name="Route forced to use a time restricted road when not allowed should contain warnings" time="0">
</testcase>
<testcase classname="International.Car.Itinerary Warnings.Time Aware Restrictions" name="Going through a road with seasonal closure in time-aware mode within restricted period produces an active time-dependent itinerary warning" time="0">
</testcase>
<testcase classname="International.Car.Itinerary Warnings.Time Aware Restrictions" name="Going through a road with seasonal closure in non-time-aware mode produces a time-dependent itinerary warning" time="0">
</testcase>
<testcase classname="International.Car.Itinerary Warnings.Time Aware Restrictions" name="Going through a road with seasonal closure in time-aware mode outside of restricted period produces an inactive time-dependent itinerary warning" time="0">
</testcase>
<testcase classname="International.Car.Itinerary Warnings.Toll Booth" name="Going through a toll booth produces an itinerary warning" time="0">
    <failure message="fail1" type="AssertionError"></failure>
</testcase>
<testcase classname="International.Car.Itinerary Warnings.Toll Road" name="Going through a toll road produces an itinerary warning" time="0">
    <failure message="fail2" type="AssertionError"></failure>
</testcase>
<testcase classname="International.Car.Itinerary Warnings.Toll Road" name="Going through a directional toll road produces an itinerary warning if direction matches" time="0">
    <failure message="fail3" type="AssertionError"></failure>
</testcase>
<testcase classname="International.Car.Itinerary Warnings.Toll Road" name="Going through a directional toll road does not produce an itinerary warning if direction is different" time="0">
</testcase>
<testcase classname="International.Car.Itinerary Warnings.Unpaved Road" name="Going through an unpaved road produces an itinerary warning" time="0">
</testcase>
<testcase classname="International.Car.Maneuvers.Action" name="depart and arrive" time="0">
</testcase>
<testcase classname="International.Car.Maneuvers.Action" name="left turn" time="0">
</testcase>
<testcase classname="International.Car.Maneuvers.Action" name="right turn" time="0">
</testcase>
<testcase classname="International.Car.Maneuvers.Action" name="left fork" time="0">
</testcase>
<testcase classname="International.Car.Maneuvers.Action" name="middle fork" time="0">
</testcase>
<testcase classname="International.Car.Maneuvers.Action" name="right fork" time="0">
</testcase>
<testcase classname="International.Car.Maneuvers.Action" name="left u turn" time="0">
</testcase>
<testcase classname="International.Car.Maneuvers.Action" name="right u turn" time="0">
</testcase>
<testcase classname="International.Car.Maneuvers.Action" name="slight left turn" time="0">
</testcase>
<testcase classname="International.Car.Maneuvers.Action" name="left roundabout exit" time="0">
</testcase>
<testcase classname="International.Car.Maneuvers.Action" name="right roundabout exit" time="0">
</testcase>
<testcase classname="International.Car.Maneuvers.Action" name="right round about pass" time="0">
</testcase>
<testcase classname="International.Car.Maneuvers.Action" name="left round about pass" time="0">
</testcase>
<testcase classname="International.Car.Maneuvers.Action" name="right ramp" time="0">
</testcase>
<testcase classname="International.Car.Maneuvers.Action" name="left ramp" time="0">
</testcase>
<testcase classname="International.Car.Maneuvers.Action" name="left exit" time="0">
</testcase>
<testcase classname="International.Car.Maneuvers.Action" name="right exit" time="0">
</testcase>
<testcase classname="International.Car.Maneuvers.Action" name="Right turn action is correctly generated on maneuver plural junction" time="0">
</testcase>
<testcase classname="International.Car.Maneuvers.Action" name="Left turn action is correctly generated on maneuver plural junction" time="0">
</testcase>
<testcase classname="International.Car.Maneuvers.Freeway" name="Exiting a highway to a street generates signpost information indicating the name of the exit to be taken at the maneuver" time="0">
</testcase>
<testcase classname="International.Car.Maneuvers.Freeway" name="Exiting a highway to another highway generates signpost information indicating the name of the exit to be taken at the maneuver" time="0">
</testcase>
<testcase classname="International.Car.Maneuvers.Hov Maneuvers" name="HOV maneuvers are not present if not requested" time="0">
</testcase>
<testcase classname="International.Car.Maneuvers.Instruction.Ferry" name="No Fry in ferry instruction" time="0">
</testcase>
<testcase classname="International.Car.Maneuvers.Instruction.Ferry" name="Ferry type added to the maneuvers with &quot;ferry&quot; action for vehicles - railFerry" time="0">
</testcase>
<testcase classname="International.Car.Maneuvers.Instruction.Ferry" name="Ferry type added to the maneuvers with &quot;ferry&quot; action for vehicles - boatFerry" time="0">
</testcase>
<testcase classname="International.Car.Maneuvers.Instruction.Ferry" name="Ferry type is not included in maneuvers that don't have ferry action" time="0">
</testcase>
<testcase classname="International.Car.Maneuvers.Instruction.Ferry" name="Ferry maneuver is expanded from the depart maneuver" time="0">
</testcase>
<testcase classname="International.Car.Maneuvers.Instruction.Head Towards Street" name="Start instruction before passing simple intersection contains toward street" time="0">
</testcase>
<testcase classname="International.Car.Maneuvers.Instruction.Head Towards Street" name="Start instruction before turning on simple intersection contains toward street" time="0">
</testcase>
<testcase classname="International.Car.Maneuvers.Instruction.Head Towards Street" name="Start instruction before passing complex intersection contains toward street" time="0">
</testcase>
<testcase classname="International.Car.Maneuvers.Instruction.Head Towards Street" name="Start instruction before passing complex intersection with maneuver lane contains toward street" time="0">
</testcase>
<testcase classname="International.Car.Maneuvers.Instruction.Head Towards Street" name="Start instruction does not contain slip road as toward street" time="0">
</testcase>
<testcase classname="International.Car.Maneuvers.Instruction.Head Towards Street" name="Start instruction on slip road does not contain toward street" time="0">
</testcase>
<testcase classname="International.Car.Maneuvers.Instruction.Head Towards Street" name="Start instruction on highway does not contain toward street" time="0">
</testcase>
<testcase classname="International.Car.Maneuvers.Instruction.Head Towards Street" name="Start instruction before intersection with one of the roads unnamed contains toward street" time="0">
</testcase>
<testcase classname="International.Car.Maneuvers.Instruction.Head Towards Street" name="Start instruction before complex intersection with unnamed internal segment contains toward street" time="0">
</testcase>
<testcase classname="International.Car.Maneuvers.Instruction.Name Of Last Crossed Street Before Destination" name="Name of last crossed street is provided for route destination in maneuver note" time="0">
</testcase>
<testcase classname="International.Car.Maneuvers.Instruction.Name Of Last Crossed Street Before Destination" name="Name of last crossed street is provided for intermediate stop waypoints in maneuver note" time="0">
</testcase>
<testcase classname="International.Car.Maneuvers.Instruction.Name Of Last Crossed Street Before Destination" name="Name of last crossed street is not provided for route destination in maneuver note when no crossing street is present" time="0">
</testcase>
<testcase classname="International.Car.Maneuvers.Instruction.Name Of Last Crossed Street Before Destination" name="Name of last crossed street is localized" time="0">
</testcase>
<testcase classname="International.Car.Maneuvers.Instruction.Name Of Last Crossed Street Before Destination" name="Name of last crossed street does not consider pedestrian walkways" time="0">
</testcase>
<testcase classname="International.Car.Maneuvers.Instruction.Name Of Next Crossed Street After Destination" name="Name of next crossed street is provided for route destination in maneuver note" time="0">
</testcase>
<testcase classname="International.Car.Maneuvers.Instruction.Name Of Next Crossed Street After Destination" name="Name of next crossed street is provided for intermediate stop waypoints in maneuver note" time="0">
</testcase>
<testcase classname="International.Car.Maneuvers.Instruction.Name Of Next Crossed Street After Destination" name="Name of next crossed street not provided for destination in maneuver note" time="0">
</testcase>
<testcase classname="International.Car.Maneuvers.Instruction.Name Of Next Crossed Street After Destination" name="Name of next crossed street is localized" time="0">
</testcase>
<testcase classname="International.Car.Maneuvers.Instruction.Name Of Next Crossed Street After Destination" name="Name of next crossed street is provided when on the right of the destination" time="0">
</testcase>
<testcase classname="International.Car.Maneuvers.Instruction.Name Of Next Crossed Street After Destination" name="Name of next crossed street does not consider pedestrian walkways" time="0">
</testcase>
<testcase classname="International.Car.Maneuvers.Instruction.Roundabouts" name="Roundabout instruction on unnamed roundabout" time="0">
</testcase>
<testcase classname="International.Car.Maneuvers.Instruction.Roundabouts" name="Roundabout instruction on named roundabout" time="0">
</testcase>
<testcase classname="International.Car.Maneuvers.Instruction.Roundabouts" name="Roundabout instruction on square roundabout" time="0">
</testcase>
<testcase classname="International.Car.Maneuvers.Instruction.Roundabouts" name="Roundabout instructions should not be generated for round intersection with inside exits" time="0">
</testcase>
<testcase classname="International.Car.Maneuvers.Instruction.Roundabouts" name="Route enters and then exits roundabout" time="0">
</testcase>
<testcase classname="International.Car.Maneuvers.Instruction.Roundabouts" name="Route starts at roundabout and then exits it" time="0">
</testcase>
<testcase classname="International.Car.Maneuvers.Instruction.Roundabouts" name="Route enters roundabout and ends on it" time="0">
</testcase>
<testcase classname="International.Car.Maneuvers.Instruction.Roundabouts" name="Passing a roundabout outputs the correct maneuver instruction" time="0">
</testcase>
<testcase classname="International.Car.Maneuvers.Instruction.Roundabouts" name="Passing several roundabouts outputs the correct maneuver instruction on the first one" time="0">
</testcase>
<testcase classname="International.Car.Maneuvers.Instruction.Roundabouts" name="Passing several roundabouts doesn't output any other instruction on the others" time="0">
</testcase>
<testcase classname="International.Car.Maneuvers.Instruction.Signposts" name="Entering a highway outputs correct maneuver instructions" time="0">
</testcase>
<testcase classname="International.Car.Maneuvers.Instruction.Signposts" name="Entering a highway directly from a street outputs correct maneuver instructions (including both city name and highway number)" time="0">
</testcase>
<testcase classname="International.Car.Maneuvers.Instruction.Signposts" name="Entering a highway directly from a roundabout outputs correct maneuver instructions" time="0">
</testcase>
<testcase classname="International.Car.Maneuvers.Instruction.Signposts" name="Exiting a highway outputs the correct maneuver instructions" time="0">
</testcase>
<testcase classname="International.Car.Maneuvers.Instruction.Signposts" name="Exiting a highway outputs the correct maneuver instructions (only exit name available)" time="0">
</testcase>
<testcase classname="International.Car.Maneuvers.Instruction.Signposts" name="Exiting a highway to another highway outputs the correct maneuver instructions" time="0">
</testcase>
<testcase classname="International.Car.Maneuvers.Instruction.Signposts" name="Passing two consecutive signposts outputs only direction that present on both of them" time="0">
</testcase>
<testcase classname="International.Car.Maneuvers.Instruction.Signposts" name="Route name with direction overwrites route name without direction" time="0">
</testcase>
<testcase classname="International.Car.Maneuvers.Instruction.Signposts" name="Passing two consecutive signposts with entirely different information outputs information from both of them" time="0">
</testcase>
<testcase classname="International.Car.Maneuvers.Instruction.Signposts" name="Maneuver instruction should not include signposts related to following maneuvers" time="0">
</testcase>
<testcase classname="International.Car.Maneuvers.Instruction.Signposts" name="Slightly different names in 2 consecutive signposts should be recognized as same name" time="0">
</testcase>
<testcase classname="International.Car.Maneuvers.Instruction.Signposts" name="Entering a highway with multiple road numbers removes numbers from signpost" time="0">
</testcase>
<testcase classname="International.Car.Maneuvers.Instruction.Signposts" name="Maneuver instructions should contain all important names of highway" time="0">
</testcase>
<testcase classname="International.Car.Maneuvers.Instruction.Stopover" name="Stopover on junction" time="0">
</testcase>
<testcase classname="International.Car.Maneuvers.Instruction.U-Turns" name="Right U-turn maneuver" time="0">
</testcase>
<testcase classname="International.Car.Maneuvers.Instruction.U-Turns" name="Left U-turn maneuver" time="0">
</testcase>
<testcase classname="International.Car.Maneuvers.Instruction.U-Turns" name="Uturn instruction contains name of the crossed single carriage street" time="0">
</testcase>
<testcase classname="International.Car.Maneuvers.Instruction.U-Turns" name="Uturn instruction contains name of the crossed multicarriage street" time="0">
</testcase>
<testcase classname="International.Car.Maneuvers.Instruction.U-Turns" name="Uturn instruction on t-junction contains name of the right single carriage street" time="0">
</testcase>
<testcase classname="International.Car.Maneuvers.Instruction.U-Turns" name="Uturn instruction on intersection without street on the right does NOT include crossed street name" time="0">
</testcase>
<testcase classname="International.Car.Maneuvers.Instruction.U-Turns" name="Uturn instruction on t-junction contains name of the crossed multi carriage street" time="0">
</testcase>
<testcase classname="International.Car.Maneuvers.Instruction.U-Turns" name="Uturn instruction on complex junction with maneuver lane does NOT contain name of the crossed street" time="0">
</testcase>
<testcase classname="International.Car.Maneuvers.Instruction.Unnamed Roads" name="Instruction for turning on unnamed road contains street name from next maneuver as signpost" time="0">
</testcase>
<testcase classname="International.Car.Maneuvers.Instruction.Unnamed Roads" name="Instruction for turning on unnamed road does not contain street name as signpost if next maneuver is also on unnamed road" time="0">
</testcase>
<testcase classname="International.Car.Maneuvers.Instruction.Waypoint Text Description In Maneuver Instruction" name="The text description for a start stop waypoint is reflected in the first maneuver instruction" time="0">
</testcase>
<testcase classname="International.Car.Maneuvers.Instruction.Waypoint Text Description In Maneuver Instruction" name="The text description for a stop waypoint is reflected in the relative maneuver instruction" time="0">
</testcase>
<testcase classname="International.Car.Maneuvers.Instruction.Waypoint Text Description In Maneuver Instruction" name="The text description for the last stop waypoint is reflected in the 'arrive' maneuver instruction" time="0">
</testcase>
<testcase classname="International.Car.Maneuvers.Instruction.Web" name="Start instruction with all available info" time="0">
</testcase>
<testcase classname="International.Car.Maneuvers.Instruction.Web" name="Start instruction without toward street" time="0">
</testcase>
<testcase classname="International.Car.Maneuvers.Instruction.Web" name="Start instruction without street name" time="0">
</testcase>
<testcase classname="International.Car.Maneuvers.Instruction.Web" name="Start instruction without any street name information" time="0">
</testcase>
<testcase classname="International.Car.Maneuvers.Instruction.Web" name="Start and end of route on same roundabout" time="0">
</testcase>
<testcase classname="International.Car.Maneuvers.Instruction.Web" name="Start on roundabout, end outside" time="0">
</testcase>
<testcase classname="International.Car.Maneuvers.Instruction.Web" name="Start on slip road" time="0">
</testcase>
<testcase classname="International.Car.Maneuvers.Instruction.Web" name="Start on slip road2" time="0">
</testcase>
<testcase classname="International.Car.Maneuvers.Instruction.Web" name="Continue instruction" time="0">
</testcase>
<testcase classname="International.Car.Maneuvers.Instruction.Web" name="Boat ferry with name" time="0">
</testcase>
<testcase classname="International.Car.Maneuvers.Instruction.Web" name="Rail ferry" time="0">
</testcase>
<testcase classname="International.Car.Maneuvers.Instruction.Web" name="U-turn" time="0">
</testcase>
<testcase classname="International.Car.Maneuvers.Instruction.Web" name="Normal roundabout instruction" time="0">
</testcase>
<testcase classname="International.Car.Maneuvers.Instruction.Web" name="Pass roundabout instruction" time="0">
</testcase>
<testcase classname="International.Car.Maneuvers.Instruction.Web" name="Slight turn" time="0">
</testcase>
<testcase classname="International.Car.Maneuvers.Instruction.Web" name="Keep" time="0">
</testcase>
<testcase classname="International.Car.Maneuvers.Instruction.Web" name="Sharp turn" time="0">
</testcase>
<testcase classname="International.Car.Maneuvers.Instruction.Web" name="Simple highway exit without exit number" time="0">
</testcase>
<testcase classname="International.Car.Maneuvers.Instruction.Web" name="Exit with exit number and direction" time="0">
</testcase>
<testcase classname="International.Car.Maneuvers.Instruction.Web" name="Exit with additional instruction before reaching next street" time="0">
</testcase>
<testcase classname="International.Car.Maneuvers.Instruction.Web" name="Enter highway" time="0">
</testcase>
<testcase classname="International.Car.Maneuvers.Instruction.Web" name="Non-highway slip road" time="0">
</testcase>
<testcase classname="International.Car.Maneuvers.Instruction.Web" name="An additional example in Europe" time="0">
</testcase>
<testcase classname="International.Car.Maneuvers.Instruction.Web" name="An additional example in USA" time="0">
</testcase>
<testcase classname="International.Car.Maneuvers.Next Maneuver" name="Next maneuver tag should contain valid next maneuver Id" time="0">
</testcase>
<testcase classname="International.Car.Maneuvers.Next Maneuver" name="Last maneuver should not contain next maneuver tag" time="0">
</testcase>
<testcase classname="International.Car.Maneuvers.Next Road" name="present by default" time="0">
</testcase>
<testcase classname="International.Car.Maneuvers.Next Road" name="Exiting a highway generates next road name information even if next maneuver starts before reaching named road" time="0">
</testcase>
<testcase classname="International.Car.Maneuvers.Next Road" name="Exiting a highway generates next road name information even if there are additional maneuvers due to forks on slip road" time="0">
</testcase>
<testcase classname="International.Car.Maneuvers.Next Road" name="Exiting a highway does not generate next road name information if route ends on slip road" time="0">
</testcase>
<testcase classname="International.Car.Maneuvers.Next Road" name="Exiting a highway generates next road name information" time="0">
</testcase>
<testcase classname="International.Car.Maneuvers.Next Road" name="Turning on simple junction generates next road name information" time="0">
</testcase>
<testcase classname="International.Car.Maneuvers.Next Road" name="Turning on complex junction generates next road name information" time="0">
</testcase>
<testcase classname="International.Car.Maneuvers.Next Road" name="Entering a highway generates signpost information indicating the name of the highway the maneuver is heading for" time="0">
</testcase>
<testcase classname="International.Car.Maneuvers.Next Road" name="Exiting a highway to a street generates information indicating the name of the street the maneuver is heading for" time="0">
</testcase>
<testcase classname="International.Car.Maneuvers.Next Road" name="Exiting a highway to another highway generates information indicating the name of the highway the maneuver is heading for" time="0">
</testcase>
<testcase classname="International.Car.Maneuvers.Next Road" name="Exiting a highway to another highway generates signpost information indicating the number of the highway the maneuver is heading for" time="0">
</testcase>
<testcase classname="International.Car.Maneuvers.Next Road" name="Turning on the unnamed road generates NO next road name information" time="0">
</testcase>
<testcase classname="International.Car.Maneuvers.Next Road" name="Turning on the unnamed road with name available shortly after the junction generated next road name information" time="0">
</testcase>
<testcase classname="International.Car.Maneuvers.Position" name="present by default" time="0">
</testcase>
<testcase classname="International.Car.Maneuvers.Position" name="Entering highway generates only one maneuver at the beginning of the sliproad leading to the highway" time="0">
</testcase>
<testcase classname="International.Car.Maneuvers.Position" name="Exiting highway generates maneuver at the beginning of the sliproad leading from the highway" time="0">
</testcase>
<testcase classname="International.Car.Maneuvers.Position" name="Exiting highway to a street does not generate maneuver in a middle of the sliproad" time="0">
</testcase>
<testcase classname="International.Car.Maneuvers.Sign Post" name="Entering a highway generates signpost information indicating the name of the direction the user has to follow" time="0">
</testcase>
<testcase classname="International.Car.Maneuvers.Sign Post" name="Exiting a highway to another highway generates signpost information indicating the name of the direction the user has to follow" time="0">
</testcase>
<testcase classname="International.Car.Maneuvers.Sign Post" name="Entering and leaving a highway generates signpost information indicating the name of the last direction the user has to follow" time="0">
</testcase>
<testcase classname="International.Car.Maneuvers.Sign Post" name="Language is specified for every label" time="0">
</testcase>
<testcase classname="International.Car.Maneuvers.Sign Post" name="Language is specified html tags" time="0">
</testcase>
<testcase classname="International.Car.Maneuvers.Sign Post" name="Specifying a language returns signpost text in that language when available" time="0">
</testcase>
<testcase classname="International.Car.Maneuvers.Sign Post" name="Specifying a language returns signpost text transliterated to language's alphabet" time="0">
</testcase>
<testcase classname="International.Car.Maneuvers.Sign Post" name="Specifying a language returns the original text if a relevant transliteration is not available" time="0">
</testcase>
<testcase classname="International.Car.Maneuvers.Start Angle" name="The start angle of a maneuver is the end angle of the link before it" time="0">
</testcase>
<testcase classname="International.Car.Maneuvers.Start Angle" name="The start angle of the first maneuver is the start angle of the link after it" time="0">
</testcase>
<testcase classname="International.Car.Maneuvers.To Link" name="Permanent link id is used in response if available" time="0">
</testcase>
<testcase classname="International.Car.Maneuvers.Traffic Time" name="Base functionality" time="0">
</testcase>
<testcase classname="International.Car.Maneuvers.U-Turns" name="Allowed U-Turn at single carriageway street at dead-end" time="0">
</testcase>
<testcase classname="International.Car.Maneuvers.U-Turns" name="Prohibited U-Turn at single carriageway street at non dead-end" time="0">
</testcase>
<testcase classname="International.Car.Maneuvers.U-Turns" name="Allowed complex U-Turn in the middle of multi carriageway street" time="0">
</testcase>
<testcase classname="International.Car.Maneuvers.U-Turns" name="Allowed U-Turn at the end of multi carriageway street unless excplicitly prohibited" time="0">
</testcase>
<testcase classname="International.Car.Route Calculation.Alternate Routing.Alternate Routes" name="Single route is returned if there are no alternatives" time="0">
</testcase>
<testcase classname="International.Car.Route Calculation.Alternate Routing.Alternate Routes" name="Alternate routes should not conflict with departure time" time="0">
</testcase>
<testcase classname="International.Car.Route Calculation.Alternate Routing.Alternate Routes" name="The additional cost of alternative route shall not exceed 30% of the original shortest route" time="0">
</testcase>
<testcase classname="International.Car.Route Calculation.Alternate Routing.Alternate Routes" name="The additional cost of alternative route shall not exceed 30% of the original fastest route" time="0">
</testcase>
<testcase classname="International.Car.Route Calculation.Alternate Routing.Alternate Routes" name="Alternates are returned when mld compatible options are used" time="0">
</testcase>
<testcase classname="International.Car.Route Calculation.Alternate Routing.Alternate Routes" name="Alternates are returned when mld non compatible options are used" time="0">
</testcase>
<testcase classname="International.Car.Route Calculation.Alternate Routing.Alternate Routes" name="Alternate route can go through road which would violates avoid option" time="0">
</testcase>
<testcase classname="International.Car.Route Calculation.Alternate Routing.Alternate Routes" name="Multi-stopover route can have alternatives on the first leg" time="0">
</testcase>
<testcase classname="International.Car.Route Calculation.Alternate Routing.Alternate Routes" name="Route with a VIA waypoint does not have alternatives" time="0">
</testcase>
<testcase classname="International.Car.Route Calculation.Alternate Routing.Time Aware Alternate Routes" name="First route goes through time restricted road when alternates are requested and departure is outside the restricted time" time="0">
</testcase>
<testcase classname="International.Car.Route Calculation.Alternate Routing.Time Aware Alternate Routes" name="First route does not go through time restricted road when alternates are requested and departure is inside the restricted time" time="0">
</testcase>
<testcase classname="International.Car.Route Calculation.Alternate Routing.Time Aware Alternate Routes" name="Alternative route goes through time restricted road when alternates are requested and departure is outside the restricted time" time="0">
</testcase>
<testcase classname="International.Car.Route Calculation.Alternate Routing.Time Aware Alternate Routes" name="Alternative route does not go through time restricted road when alternates are requested and departure is inside the restricted time" time="0">
</testcase>
<testcase classname="International.Car.Route Calculation.Alternate Routing.Time Aware Alternate Routes" name="First route goes through time restricted road when alternates are requested and departure is outside the restricted time when mld non compatible options are used" time="0">
</testcase>
<testcase classname="International.Car.Route Calculation.Alternate Routing.Time Aware Alternate Routes" name="First route does not go through time restricted road when alternates are requested and departure is inside the restricted time when mld non compatible options are used" time="0">
</testcase>
<testcase classname="International.Car.Route Calculation.Alternate Routing.Time Aware Alternate Routes" name="Alternative route goes through time restricted road when alternates are requested and departure is outside the restricted time when mld non compatible options are used" time="0">
</testcase>
<testcase classname="International.Car.Route Calculation.Alternate Routing.Time Aware Alternate Routes" name="Alternative route does not go through time restricted road when alternates are requested and departure is inside the restricted time when mld non compatible options are used" time="0">
</testcase>
<testcase classname="International.Car.Route Calculation.Alternate Routing.Time Aware Alternate Routes" name="Alternative route is calculated independently of HOV option" time="0">
</testcase>
<testcase classname="International.Car.Route Calculation.Closed For Construction" name="Roads under construction are not used for route computation in car mode" time="0">
</testcase>
<testcase classname="International.Car.Route Calculation.Combination Of Parameters" name="With shortest mode enabled and avoid toll roads the route avoids toll roads" time="0">
</testcase>
<testcase classname="International.Car.Route Calculation.Country Crossing Penalty" name="Cross-country routes avoid crossing regulated country borders" time="0">
</testcase>
<testcase classname="International.Car.Route Calculation.Country Crossing Penalty" name="International routes avoid crossing regulated country borders" time="0">
</testcase>
<testcase classname="International.Car.Route Calculation.Country Crossing Penalty" name="Routes can end in countries of regulated borders" time="0">
</testcase>
<testcase classname="International.Car.Route Calculation.Country Crossing Penalty" name="Routes can pass through countries of regulated borders" time="0">
</testcase>
<testcase classname="International.Car.Route Calculation.Country Crossing Penalty" name="Cross-country routes cross open country borders if it is optimal choice" time="0">
</testcase>
<testcase classname="International.Car.Route Calculation.Country Crossing Penalty" name="International routes cross open country borders if it is optimal choice" time="0">
</testcase>
<testcase classname="International.Car.Route Calculation.Elevation Profile.Elevation Profile" name="Elevation is returned when requested" time="0">
</testcase>
<testcase classname="International.Car.Route Calculation.Elevation Profile.Elevation Profile" name="Elevation is not returned when not requested" time="0">
</testcase>
<testcase classname="International.Car.Route Calculation.Elevation Profile.Elevation Profile" name="Elevation is interpolated for coordinates which are missing elevation data" time="0">
</testcase>
<testcase classname="International.Car.Route Calculation.Elevation Profile.Elevation Profile" name="Elevation is zero for route without any elevation data" time="0">
</testcase>
<testcase classname="International.Car.Route Calculation.Elevation Profile.Elevation Profile" name="Elevation is equal for multiple occurences of the same geometry point" time="0">
</testcase>
<testcase classname="International.Car.Route Calculation.Elevation Profile.Elevation Profile" name="Route elevation is consistent for the same route elements in both directions" time="0">
</testcase>
<testcase classname="International.Car.Route Calculation.Error Handling" name="Route can not be computed because there is no connection between route points" time="0">
</testcase>
<testcase classname="International.Car.Route Calculation.Error Handling" name="Route can not be computed because timezone can't be resolved due to not matched waypoint" time="0">
</testcase>
<testcase classname="International.Car.Route Calculation.Fallback Routing" name="Return any route if time aware routing fails" time="1">
</testcase>
<testcase classname="International.Car.Route Calculation.Fallback Routing" name="Return any route if time aware routing with alternatives fails" time="1">
</testcase>
<testcase classname="International.Car.Route Calculation.Fallback Routing" name="Return graph disconnected if there is no route to be found" time="0">
</testcase>
<testcase classname="International.Car.Route Calculation.Fallback Routing" name="Return graph disconnected if there is no route to be found and alternatives are requested" time="0">
</testcase>
<testcase classname="International.Car.Route Calculation.Left-Hand Side Driving.Support Routing In Left-Side Driving Countries" name="Route uses left side of the road in left-side driving countries" time="0">
</testcase>
<testcase classname="International.Car.Route Calculation.Left-Hand Side Driving.Support Routing In Left-Side Driving Countries" name="Route changes from right side to left side of the road when switching from right to left-side driving countries" time="0">
</testcase>
<testcase classname="International.Car.Route Calculation.Misc" name="Route is calculated in fastest route mode between LDM and GDF countries" time="0">
</testcase>
<testcase classname="International.Car.Route Calculation.Misc" name="Router doesn't crash when segment goes through a corner of four quadblocks" time="0">
</testcase>
<testcase classname="International.Car.Route Calculation.Misc" name="A U-turn affects the ETA by a couple of minutes" time="0">
</testcase>
<testcase classname="International.Car.Route Calculation.Misc" name="Left turns are more costly than right turns in right-hand driving country" time="0">
</testcase>
<testcase classname="International.Car.Route Calculation.Misc" name="Right turns are more costly than right turns in left-hand driving country" time="0">
</testcase>
<testcase classname="International.Car.Route Calculation.Misc" name="Turns via u-turn lane does not give a penalty" time="0">
</testcase>
<testcase classname="International.Car.Route Calculation.Misc" name="Restricted u-turns for Argentina" time="0">
</testcase>
<testcase classname="International.Car.Route Calculation.No Through Roads.No Trough Roads" name="Route does not cross no through street" time="0">
</testcase>
<testcase classname="International.Car.Route Calculation.No Through Roads.No Trough Roads" name="Route does not cross no through area even when going around is significantly longer" time="0">
</testcase>
<testcase classname="International.Car.Route Calculation.No Through Roads.No Trough Roads" name="Route starts in no through area" time="0">
</testcase>
<testcase classname="International.Car.Route Calculation.No Through Roads.No Trough Roads" name="Route ends in no through area" time="0">
</testcase>
<testcase classname="International.Car.Route Calculation.No Through Roads.No Trough Roads" name="Route starts and ends in same no through area" time="0">
</testcase>
<testcase classname="International.Car.Route Calculation.No Through Roads.No Trough Roads" name="Route starts in one no through area and ends in different no through area" time="0">
</testcase>
<testcase classname="International.Car.Route Calculation.No Through Roads.No Trough Roads" name="Route does not cross no through area when there is a long maneuver at no through area start" time="0">
</testcase>
<testcase classname="International.Car.Route Calculation.No Through Roads.No Trough Roads" name="Route goes inside no through area when there is a long maneuver at no through area start" time="0">
</testcase>
<testcase classname="International.Car.Route Calculation.No Through Roads.No Trough Roads" name="Route does not cross no through area when there is a long maneuver at no through area end" time="0">
</testcase>
<testcase classname="International.Car.Route Calculation.No Through Roads.No Trough Roads" name="Route leaves no through area when there is a long maneuver at no through area end" time="0">
</testcase>
<testcase classname="International.Car.Route Calculation.Options.Accepts Start Direction In Degrees" name="Specifying a geo waypoint start angle in degrees makes car route start in that direction (0 is North)" time="0">
</testcase>
<testcase classname="International.Car.Route Calculation.Options.Accepts Start Direction In Degrees" name="Specifying a street waypoint start angle in degrees makes car route start in that direction (0 is North)" time="0">
</testcase>
<testcase classname="International.Car.Route Calculation.Options.Accepts Start Direction In Degrees" name="Start angle value grows clockwise around the trigonometric circle (90 is East)" time="0">
</testcase>
<testcase classname="International.Car.Route Calculation.Options.Accepts Start Direction In Degrees" name="Not specifying a start angle in degrees makes car route start in best direction" time="0">
</testcase>
<testcase classname="International.Car.Route Calculation.Options.Accepts Start Direction In Degrees" name="Specifying an invalid start angle returns an error" time="0">
</testcase>
<testcase classname="International.Car.Route Calculation.Options.Accepts Start Direction In Degrees" name="Specifying a start angle has no effect on pedestrian routing" time="0">
</testcase>
<testcase classname="International.Car.Route Calculation.Options.Accepts Start Direction In Degrees" name="Specifying a start angle on a street which is not open in start direction gives violated start direction error" time="0">
</testcase>
<testcase classname="International.Car.Route Calculation.Options.Accepts Start Direction In Degrees" name="Specifying a street waypoint start angle and no radius causes the route detour" time="0">
</testcase>
<testcase classname="International.Car.Route Calculation.Options.Accepts Start Direction In Degrees" name="Specifying a street waypoint start angle and radius causes the route to avoid detour" time="0">
</testcase>
<testcase classname="International.Car.Route Calculation.Options.Accepts Start Direction In Degrees" name="Specifying a street waypoint opposite start angle and radius causes the route to detour" time="0">
</testcase>
<testcase classname="International.Car.Route Calculation.Options.Avoid Areas" name="Route is calculated without avoiding any area when no avoid areas specified" time="0">
</testcase>
<testcase classname="International.Car.Route Calculation.Options.Avoid Areas" name="Route is calculated with avoiding an area when single area specified" time="0">
</testcase>
<testcase classname="International.Car.Route Calculation.Options.Avoid Areas" name="Route is calculated with avoiding an area when single area specified with alternates" time="0">
</testcase>
<testcase classname="International.Car.Route Calculation.Options.Avoid Areas" name="Route calculated when avoid area provided far from start and end waypoints" time="0">
</testcase>
<testcase classname="International.Car.Route Calculation.Options.Avoid Areas" name="Route is calculated when two avoid areas specified" time="0">
</testcase>
<testcase classname="International.Car.Route Calculation.Options.Avoid Areas" name="Route is calculated when big area specified" time="0">
</testcase>
<testcase classname="International.Car.Route Calculation.Options.Avoid Areas" name="An itinerary warning is triggered when a viable route does not exist" time="0">
</testcase>
<testcase classname="International.Car.Route Calculation.Options.Avoid Areas" name="Route calculation fails when area to avoid is invalid" time="0">
</testcase>
<testcase classname="International.Car.Route Calculation.Options.Avoid Links" name="The specified link should be avoided when a viable route exists" time="0">
</testcase>
<testcase classname="International.Car.Route Calculation.Options.Avoid Links" name="All the specified links should be avoided when a viable route exists" time="0">
</testcase>
<testcase classname="International.Car.Route Calculation.Options.Avoid Links" name="All the specified links should be avoided when a viable route exists with alternates" time="0">
</testcase>
<testcase classname="International.Car.Route Calculation.Options.Avoid Links" name="An itinerary warning is triggered when a viable route does not exist" time="0">
</testcase>
<testcase classname="International.Car.Route Calculation.Options.Avoid Links" name="Directed links are not avoided if traversed in the opposite direction" time="0">
</testcase>
<testcase classname="International.Car.Route Calculation.Options.Avoid Links" name="Directed links are avoided if traversed in the in the same direction" time="0">
</testcase>
<testcase classname="International.Car.Route Calculation.Options.Avoid Links" name="The specified link in both directions should be avoided when a viable route exists" time="0">
</testcase>
<testcase classname="International.Car.Route Calculation.Options.Avoid Links" name="The route calculation fails when avoided link is malformed" time="0">
</testcase>
<testcase classname="International.Car.Route Calculation.Options.Avoid Links" name="The route calculation fails when avoided link doesn't exist" time="0">
</testcase>
<testcase classname="International.Car.Route Calculation.Options.Avoid Links" name="The specified link should be avoided when a viable route exists and departure is specified" time="0">
</testcase>
<testcase classname="International.Car.Route Calculation.Options.Car With Trailer" name="Steep slopes are not avoided when trailer is not attached to the car" time="0">
</testcase>
<testcase classname="International.Car.Route Calculation.Options.Departure Time Option" name="A valid departure time is taken into account" time="0">
</testcase>
<testcase classname="International.Car.Route Calculation.Options.Departure Time Option" name="An invalid departure time is reported as an error" time="0">
</testcase>
<testcase classname="International.Car.Route Calculation.Options.Departure Time Option" name="Milliseconds are supported in departure time" time="0">
</testcase>
<testcase classname="International.Car.Route Calculation.Options.Departure Time Option" name="An invalid format of milliseconds is reported as an error" time="0">
</testcase>
<testcase classname="International.Car.Route Calculation.Options.Exclude Countries" name="Route is calculated without excluding any country" time="0">
</testcase>
<testcase classname="International.Car.Route Calculation.Options.Exclude Countries" name="Route is not calculated if excluded country cannot be avoided" time="0">
</testcase>
<testcase classname="International.Car.Route Calculation.Options.Exclude Countries" name="Route does not pass excluded country" time="0">
</testcase>
<testcase classname="International.Car.Route Calculation.Options.Hov Roads" name="Route does not use HOV roads by default" time="0">
</testcase>
<testcase classname="International.Car.Route Calculation.Options.Hov Roads" name="Route does use HOV roads if it starts on a HOV road" time="0">
</testcase>
<testcase classname="International.Car.Route Calculation.Options.Hov Roads" name="Route does use HOV roads if it ends on a HOV road" time="0">
</testcase>
<testcase classname="International.Car.Route Calculation.Options.Hov Roads" name="Route does use HOV roads when HOV roads are enabled by user" time="0">
</testcase>
<testcase classname="International.Car.Route Calculation.Options.Minimum Distance Before First Turn" name="Route avoids turns within a specified distance" time="0">
</testcase>
<testcase classname="International.Car.Route Calculation.Options.Minimum Distance Before First Turn" name="Route does not avoid turns outside a specified distance" time="0">
</testcase>
<testcase classname="International.Car.Route Calculation.Options.Minimum Distance Before First Turn" name="Route initial direction matches the given heading" time="0">
</testcase>
<testcase classname="International.Car.Route Calculation.Options.Minimum Distance Before First Turn" name="If not possible to avoid turns completely, a route is still returned that maximizes the distance to the first turn" time="0">
</testcase>
<testcase classname="International.Car.Route Calculation.Options.Minimum Distance Before First Turn" name="Route avoids turns within a specified distance (highway exit)" time="0">
</testcase>
<testcase classname="International.Car.Route Calculation.Options.Minimum Distance Before First Turn" name="Route avoids turns within a specified distance (turning into minor road)" time="0">
</testcase>
<testcase classname="International.Car.Route Calculation.Options.Minimum Distance Before First Turn" name="Route avoids turns within a specified distance (shortest route)" time="0">
</testcase>
<testcase classname="International.Car.Route Calculation.Options.Minimum Distance Before First Turn" name="Route includes the part where it shouldn't turn" time="0">
</testcase>
<testcase classname="International.Car.Route Calculation.Options.Minimum Distance Before First Turn" name="Not specifying the route initial heading returns an error" time="0">
</testcase>
<testcase classname="International.Car.Route Calculation.Options.Minimum Distance Before First Turn" name="Route doest not avoid turn if it starts on roundabout" time="0">
</testcase>
<testcase classname="International.Car.Route Calculation.Options.Minimum Distance Before First Turn" name="Route doest not avoid turn upon reaching roundabout" time="0">
</testcase>
<testcase classname="International.Car.Route Calculation.Options.No Through Roads" name="Route does not use 'no through' roads (fastest)" time="0">
</testcase>
<testcase classname="International.Car.Route Calculation.Options.No Through Roads" name="Route does not use 'no through' roads (shortest)" time="0">
</testcase>
<testcase classname="International.Car.Route Calculation.Options.Option To Allow Zones" name="Route passing routing zone with license plate restriction when the zone is allowed" time="0">
</testcase>
<testcase classname="International.Car.Route Calculation.Options.Option To Allow Zones" name="Route passing routing zone of excluded zone type when the zone is allowed" time="0">
</testcase>
<testcase classname="International.Car.Route Calculation.Options.Option To Allow Zones" name="Invalid zone id triggers error response" time="0">
</testcase>
<testcase classname="International.Car.Route Calculation.Options.Option To Avoid Ferries" name="Boat ferries avoid disables boat ferries use for route calculation" time="0">
</testcase>
<testcase classname="International.Car.Route Calculation.Options.Option To Avoid Ferries" name="Boat ferries avoid uses boat ferry because there is no escaping it (warning is triggered)" time="0">
</testcase>
<testcase classname="International.Car.Route Calculation.Options.Option To Avoid Ferries" name="Rail ferries avoid disables rail ferries use for route calculation" time="0">
</testcase>
<testcase classname="International.Car.Route Calculation.Options.Option To Avoid Highways" name="Highway avoid disables highway use for route calculation" time="0">
</testcase>
<testcase classname="International.Car.Route Calculation.Options.Option To Avoid Highways" name="Highway avoid uses highway because there is no escaping it (warning is triggered)" time="0">
</testcase>
<testcase classname="International.Car.Route Calculation.Options.Option To Avoid Highways" name="Avoid highway is not using rest areas to overpass highway" time="0">
</testcase>
<testcase classname="International.Car.Route Calculation.Options.Option To Avoid Parks" name="Park soft exclude does not exclude park use for route calculation in car routing" time="0">
</testcase>
<testcase classname="International.Car.Route Calculation.Options.Option To Avoid Seasonal Closures" name="Seasonal closures are not avoided by default" time="0">
</testcase>
<testcase classname="International.Car.Route Calculation.Options.Option To Avoid Seasonal Closures" name="Seasonal closures are avoided within restricted time if corresponding option is specified" time="1">
</testcase>
<testcase classname="International.Car.Route Calculation.Options.Option To Avoid Seasonal Closures" name="Seasonal closures are avoided also outside restricted time if corresponding option is specified" time="1">
</testcase>
<testcase classname="International.Car.Route Calculation.Options.Option To Avoid Seasonal Closures" name="Seasonal closures are avoided even if departure is not specified if corresponding option is specified" time="0">
</testcase>
<testcase classname="International.Car.Route Calculation.Options.Option To Avoid Toll Roads" name="Toll road avoid disables toll road use for route calculation" time="0">
</testcase>
<testcase classname="International.Car.Route Calculation.Options.Option To Avoid Toll Roads" name="Toll road avoid uses toll road because there is no escaping it (warning is triggered)" time="0">
</testcase>
<testcase classname="International.Car.Route Calculation.Options.Option To Avoid Tunnels" name="Route uses a reasonable alternative to a tunnel by penalizing tunnel use" time="0">
</testcase>
<testcase classname="International.Car.Route Calculation.Options.Option To Avoid Tunnels" name="Route uses a penalized tunnel when no alternative available" time="0">
</testcase>
<testcase classname="International.Car.Route Calculation.Options.Option To Avoid Tunnels" name="Route uses a penalized tunnel when it is faster than the alternatives" time="0">
</testcase>
<testcase classname="International.Car.Route Calculation.Options.Option To Exclude Tunnels" name="Route uses tunnels when no tunnels restrictions are used" time="0">
</testcase>
<testcase classname="International.Car.Route Calculation.Options.Option To Exclude Tunnels" name="Tunnel soft exclude option disables tunnel use for route calculation" time="0">
</testcase>
<testcase classname="International.Car.Route Calculation.Options.Option To Exclude Tunnels" name="Route calculation uses a softly excluded tunnel when no alternative available" time="0">
</testcase>
<testcase classname="International.Car.Route Calculation.Options.Option To Exclude Tunnels" name="Tunnel strict exclude disables tunnel use for route calculation" time="0">
</testcase>
<testcase classname="International.Car.Route Calculation.Options.Option To Exclude Tunnels" name="Route calculation fails when not able to avoid strictly excluded tunnel" time="0">
</testcase>
<testcase classname="International.Car.Route Calculation.Options.Option To Exclude Zone Types" name="Route calculation fails when only possible route leads through the excluded zone type" time="0">
</testcase>
<testcase classname="International.Car.Route Calculation.Options.Option To Exclude Zone Types" name="Route detours excluded zone type" time="0">
</testcase>
<testcase classname="International.Car.Route Calculation.Options.Option To Exclude Zone Types" name="Invalid zone type triggers error response" time="0">
</testcase>
<testcase classname="International.Car.Route Calculation.Options.Option To Exclude Zones" name="Route calculation fails when only possible route leads through the excluded zone" time="0">
</testcase>
<testcase classname="International.Car.Route Calculation.Options.Option To Exclude Zones" name="Route detours excluded zone" time="0">
</testcase>
<testcase classname="International.Car.Route Calculation.Options.Option To Exclude Zones" name="Route passing multiple routing zones does not use only excluded one" time="1">
</testcase>
<testcase classname="International.Car.Route Calculation.Options.Option To Exclude Zones" name="Invalid zone id triggers error response" time="0">
</testcase>
<testcase classname="International.Car.Route Calculation.Options.Option To Minimize Highways" name="Highways minimize uses a reasonable alternative to a highway by penalizing highway use" time="0">
</testcase>
<testcase classname="International.Car.Route Calculation.Options.Option To Minimize Highways" name="Highways minimize uses a highway because there is no escaping it" time="0">
</testcase>
<testcase classname="International.Car.Route Calculation.Options.Option To Minimize Highways" name="Highway minimize uses a highway because it is still faster than the alternatives" time="0">
</testcase>
<testcase classname="International.Car.Route Calculation.Options.Option To Minimize Toll Roads" name="Toll road minimize uses a reasonable alternative to a toll road by penalizing toll road use" time="0">
</testcase>
<testcase classname="International.Car.Route Calculation.Options.Option To Minimize Toll Roads" name="Toll road minimize uses a toll road because there is no escaping it" time="0">
</testcase>
<testcase classname="International.Car.Route Calculation.Options.Option To Minimize Toll Roads" name="Toll road minimize uses a toll road because it is still faster than the alternatives" time="0">
</testcase>
<testcase classname="International.Car.Route Calculation.Options.Option To Provide License Plate" name="Route detours routing zone with license plate restriction when license plate is forbidden" time="0">
</testcase>
<testcase classname="International.Car.Route Calculation.Options.Option To Provide License Plate" name="Route passing routing zone with license plate restriction when license plate is allowed" time="0">
</testcase>
<testcase classname="International.Car.Route Calculation.Options.Option To Provide License Plate" name="Route passing routing zone with license plate restriction when license plate is not provided" time="0">
</testcase>
<testcase classname="International.Car.Route Calculation.Options.Prefer Mld Over Grouter" name="Simple route with no rail ferry avoidance should result in optimal route" time="0">
</testcase>
<testcase classname="International.Car.Route Calculation.Options.Prefer Mld Over Grouter" name="Simple route with rail ferry avoidance should result in optimal route" time="0">
</testcase>
<testcase classname="International.Car.Route Calculation.Options.Prefer Mld Over Grouter" name="Simple route with no boat ferry avoidance should not result in optimal route" time="0">
</testcase>
<testcase classname="International.Car.Route Calculation.Options.Prefer Mld Over Grouter" name="Simple route with boat ferry avoidance should not result in optimal route" time="0">
</testcase>
<testcase classname="International.Car.Route Calculation.Options.Prefer Mld Over Grouter" name="Route passing on highways without any restrictions" time="0">
</testcase>
<testcase classname="International.Car.Route Calculation.Options.Prefer Mld Over Grouter" name="Route passing on highways with highways to avoid" time="0">
</testcase>
<testcase classname="International.Car.Route Calculation.Options.Prefer Mld Over Grouter" name="Route passing on highways with highways to softly exclude" time="0">
</testcase>
<testcase classname="International.Car.Route Calculation.Options.Prefer Mld Over Grouter" name="Route passing on highways with highways to strictly exclude falls back to soft exclude" time="0">
</testcase>
<testcase classname="International.Car.Route Calculation.Options.Route Options Prefer" name="Prefer boat ferries is not supported in car mode" time="0">
</testcase>
<testcase classname="International.Car.Route Calculation.Options.Route Options Prefer" name="Prefer rail ferries is not supported in car mode" time="0">
</testcase>
<testcase classname="International.Car.Route Calculation.Options.Route Options Prefer" name="Prefer route feature is not supported in car mode" time="0">
</testcase>
<testcase classname="International.Car.Route Calculation.Options.Route Restrictions Avoid" name="Motorway avoid uses a reasonable alternative to a motorway by penalizing motorway use" time="0">
</testcase>
<testcase classname="International.Car.Route Calculation.Options.Route Restrictions Avoid" name="Motorway avoid uses a motorway because there is no escaping it" time="0">
</testcase>
<testcase classname="International.Car.Route Calculation.Options.Route Restrictions Disabled" name="Route uses motorways since motorway restrictions are disabled" time="0">
</testcase>
<testcase classname="International.Car.Route Calculation.Options.Route Restrictions Soft Exclude" name="Motorway soft exclude disables motorway use for route calculation" time="0">
</testcase>
<testcase classname="International.Car.Route Calculation.Options.Route Restrictions Soft Exclude" name="Motorway soft exclude uses motorway because there is no escaping it" time="0">
</testcase>
<testcase classname="International.Car.Route Calculation.Options.Route Restrictions Soft Exclude" name="Starting from a junction connected to a dirt road should penalize correctly the dirt road link" time="0">
</testcase>
<testcase classname="International.Car.Route Calculation.Options.Route Restrictions Strict Exclude" name="Motorway strict exclude disables motorway use for route calculation" time="0">
</testcase>
<testcase classname="International.Car.Route Calculation.Options.Route Restrictions Strict Exclude" name="Motorway strict exclude makes route fail because there is no escaping it" time="0">
</testcase>
<testcase classname="International.Car.Route Calculation.Options.Route Restrictions Strict Exclude" name="Motorway strict exclude makes route fail because there is no escaping it (same segment)" time="0">
</testcase>
<testcase classname="International.Car.Route Calculation.Options.Speed Profiles" name="Explicit speed profiles are not supported in car routing" time="0">
</testcase>
<testcase classname="International.Car.Route Calculation.Range On Route.Range On Route" name="Consumption is returned if requested and standard consumption model was provided" time="0">
</testcase>
<testcase classname="International.Car.Route Calculation.Range On Route.Range On Route" name="Consumption is returned if requested and refkm consumption model was provided" time="0">
</testcase>
<testcase classname="International.Car.Route Calculation.Range On Route.Range On Route" name="Consumption returned using refkm consumption model is same as using standard consumption model" time="0">
</testcase>
<testcase classname="International.Car.Route Calculation.Range On Route.Range On Route" name="Consumption is not returned if requested and consumption model was not provided" time="0">
</testcase>
<testcase classname="International.Car.Route Calculation.Range On Route.Range On Route" name="Consumption is affected by speed parameter in standard consumption model" time="0">
</testcase>
<testcase classname="International.Car.Route Calculation.Range On Route.Range On Route" name="Consumption is affected by ascent parameter in standard consumption model" time="0">
</testcase>
<testcase classname="International.Car.Route Calculation.Range On Route.Range On Route" name="Consumption is affected by descent parameter in standard consumption model" time="0">
</testcase>
<testcase classname="International.Car.Route Calculation.Range On Route.Range On Route" name="Consumption is affected by turn time penalty parameter in standard consumption model" time="0">
</testcase>
<testcase classname="International.Car.Route Calculation.Range On Route.Range On Route" name="Consumption is affected by acceleration parameter in standard consumption model" time="0">
</testcase>
<testcase classname="International.Car.Route Calculation.Range On Route.Range On Route" name="Consumption is affected by deceleration parameter in standard consumption model" time="0">
</testcase>
[...]
</testcase>
<testcase classname="International.Truck.Route Calculation.Route Features.Tunnel Preferences.Prefer" name="Tunnel preference is not supported" time="0">
</testcase>
<testcase classname="International.Truck.Route Calculation.Route Features.Tunnel Preferences.Soft Exclude" name="Tunnel soft exclude disables tunnel use for route calculation" time="0">
</testcase>
<testcase classname="International.Truck.Route Calculation.Route Features.Tunnel Preferences.Soft Exclude" name="Route uses a softly excluded tunnel when no alternative available" time="0">
</testcase>
<testcase classname="International.Truck.Route Calculation.Route Features.Tunnel Preferences.Strict Exclude" name="Tunnel strict exclude disables tunnel use for route calculation" time="0">
</testcase>
<testcase classname="International.Truck.Route Calculation.Route Features.Tunnel Preferences.Strict Exclude" name="Route calculation fails when not able to avoid strictly excluded tunnel" time="0">
</testcase>
<testcase classname="International.Truck.Route Calculation.Route Mode.Truck Route Response" name="Truck routing mode enabled" time="0">
</testcase>
<testcase classname="International.Truck.Route Calculation.Route Mode.Truck Routing Mode Calculation" name="Truck route mode calculates a truck route in normal conditions" time="0">
</testcase>
<testcase classname="International.Truck.Route Calculation.Route Type.Support For Balanced Routes" name="Balanced route must differ from fastest route" time="0">
</testcase>
<testcase classname="International.Truck.Route Calculation.Route Type.Support For Fastest Routes" name="Fastest route option minimizes time of arrival for computed route" time="0">
</testcase>
<testcase classname="International.Truck.Route Calculation.Route Type.Support For Fastest Routes" name="Fastest route option results with one route" time="0">
</testcase>
<testcase classname="International.Truck.Route Calculation.Route Type.Support For Shortest Routes" name="Shortest route option results with error" time="0">
</testcase>
<testcase classname="International.Truck.Route Calculation.Truck Stop Over Waypoints" name="Adding a delayed VIA Waypoint does not affect ETA calculation" time="0">
</testcase>
<testcase classname="International.Truck.Route Calculation.Truck Stop Over Waypoints" name="Adding a delayed STOP Waypoint affect ETA calculation" time="0">
</testcase>
<testcase classname="International.Truck.Route Calculation.Truck Stop Over Waypoints" name="The first maneuver departure time of each leg should take in account the time spent in the stop over waypoints" time="0">
</testcase>
<testcase classname="International.Truck.Route Calculation.Truck Stop Over Waypoints" name="Waiting time of first waypoint is ignored" time="0">
</testcase>
<testcase classname="International.Truck.Route Calculation.Waypoint.Intermediate" name="Route does uturn on stop waypoint if saved time is reasonable" time="0">
</testcase>
<testcase classname="International.Truck.Route Calculation.Waypoint.Intermediate" name="Route continues in former direction if doing uturn saves little time" time="0">
</testcase>
<testcase classname="International.Truck.Route Calculation.Waypoint.Snapping" name="Waypoint is not snapped to links forbidden for trucks" time="0">
</testcase>
<testcase classname="International.Truck.Route Calculation.Waypoint.Snapping" name="Waypoint snapping takes into consideration also truck only links" time="0">
</testcase>
<testcase classname="International.Truck.Route Calculation.Waypoint.Snapping" name="Start waypoint set on truck only link is snapped to itself" time="0">
</testcase>
<testcase classname="International.Truck.Route Calculation.Waypoint.Snapping" name="End waypoint set on truck only link is snapped to itself" time="0">
</testcase>
<testcase classname="International.Truck.Route Calculation.Waypoint.Snapping" name="Snapping to junction works on truck only links" time="0">
</testcase>
<testcase classname="International.Truck.Route Calculation.Waypoint.Snapping" name="Snapping to junction works on normal roads" time="0">
</testcase>
<testcase classname="International.Truck.Route Id.Itinerary Warnings.No Through Roads" name="Reconstructed route with no through links has same notes as calculated route" time="0">
</testcase>
<testcase classname="International.Truck.Route Id.Itinerary Warnings.Time Dependent Access" name="Access restriction note is provided for reconstructed route with links temporarily forbidden for trucks when departure time is not specified" time="0">
</testcase>
<testcase classname="International.Truck.Route Id.Itinerary Warnings.Time Dependent Access" name="Access restriction note is provided for reconstructed route with links temporarily forbidden for trucks beyond restriction validity" time="0">
</testcase>
<testcase classname="International.Truck.Route Id.Itinerary Warnings.Time Dependent Access" name="Access violation note is provided for reconstructed route with links temporarily forbidden for trucks during restriction validity" time="0">
</testcase>
<testcase classname="International.Truck.Route Id.Itinerary Warnings.Time Dependent Maneuvers" name="Restricted turn note is provided for reconstructed maneuvers with violated restriction when departure time is not specified" time="0">
</testcase>
<testcase classname="International.Truck.Route Id.Itinerary Warnings.Time Dependent Maneuvers" name="Restricted turn note is not provided for reconstructed maneuvers with non-violated restriction beyond restriction validity" time="0">
</testcase>
<testcase classname="International.Truck.Route Id.Itinerary Warnings.Time Dependent Maneuvers" name="Restricted turn note is not provided for reconstructed maneuvers with non-violated restriction during restriction validity" time="0">
</testcase>
<testcase classname="International.Truck.Route Id.Itinerary Warnings.Time Dependent Maneuvers" name="Restricted turn note is provided for reconstructed maneuvers with violated restriction beyond restriction validity" time="0">
</testcase>
<testcase classname="International.Truck.Route Id.Itinerary Warnings.Time Dependent Maneuvers" name="Restricted turn note is provided for maneuvers reconstructed with violated restriction during restriction validity" time="0">
</testcase>
<testcase classname="International.Truck.Route Id.Itinerary Warnings.Time Dependent Restrictions" name="Access restriction note is provided for reconstructed route with violated restriction when departure time is not specified" time="0">
</testcase>
<testcase classname="International.Truck.Route Id.Itinerary Warnings.Time Dependent Restrictions" name="Access restriction note is not provided for reconstructed route with non-violated restriction beyond restriction validity" time="0">
</testcase>
<testcase classname="International.Truck.Route Id.Itinerary Warnings.Time Dependent Restrictions" name="Access restriction note is not provided for reconstructed route with non-violated restriction during restriction validity" time="0">
</testcase>
<testcase classname="International.Truck.Route Id.Itinerary Warnings.Time Dependent Restrictions" name="Access restriction note is provided for reconstructed route with violated restriction beyond restriction validity" time="0">
</testcase>
<testcase classname="International.Truck.Route Id.Itinerary Warnings.Time Dependent Restrictions" name="Access violation note is provided for reconstructed route with violated restriction during restriction validity" time="0">
</testcase>
<testcase classname="International.Truck.Route Id.Itinerary Warnings.Toll Roads" name="Reconstructed route with toll only for car links has same notes as calculated route" time="0">
</testcase>
<testcase classname="International.Truck.Route Id.Itinerary Warnings.Toll Roads" name="Reconstructed route with toll only for truck links has same notes as calculated route" time="0">
</testcase>
<testcase classname="International.Truck.Route Id.Itinerary Warnings.Toll Roads" name="Reconstructed route with toll car and truck links has same notes as calculated route" time="0">
</testcase>
<testcase classname="International.Truck.Route Id.Speed Limits" name="Reconstructed route provides truck speed limits as in calculated route" time="0">
</testcase>
<testcase classname="International.Truck.Route Id.Speed Limits" name="Reconstructed route provides applicable weight dependent speed limits as in calculated route" time="0">
</testcase>
<testcase classname="International.Truck.Route Id.Speed Limits" name="Reconstructed route ignores inapplicable weight dependent speed limits as in calculated route" time="0">
</testcase>
<testcase classname="International.Truck.Route Id.Toll Roads" name="Toll road flag absent on car-only toll links in reconstructed route" time="0">
</testcase>
<testcase classname="International.Truck.Route Id.Toll Roads" name="Toll road flag present on truck-only toll links in reconstructed route" time="0">
</testcase>
<testcase classname="International.Truck.Route Id.Travel Speeds" name="Light truck speeds are the same in reconstructed route as in calculated route" time="0">
</testcase>
<testcase classname="International.Truck.Route Id.Travel Speeds" name="Heavy truck speeds are the same in reconstructed route as in calculated route" time="0">
</testcase>
<testcase classname="International.Truck.Route Id.Travel Speeds" name="Speeds affected by speed limits are the same in reconstructed route as in calculated route" time="0">
</testcase>
<testcase classname="International.Truck.Route Id.Travel Speeds" name="Speeds affected by weight dependent speed limits are the same in reconstructed route as in calculated route" time="0">
</testcase>
<testcase classname="International.Truck.Route Id.Travel Speeds" name="Speeds unaffected by weight dependent speed limits are the same in reconstructed route as in calculated route" time="0">
</testcase>
<testcase classname="International.Truck.Route Representation.Link.Flags.No Through" name="No through road flag absent on only car no through links" time="0">
</testcase>
<testcase classname="International.Truck.Route Representation.Link.Flags.No Through" name="No through road flag present on truck no through links" time="0">
</testcase>
<testcase classname="International.Truck.Route Representation.Link.Flags.Toll Road" name="Toll road flag absent on only car toll links" time="0">
</testcase>
<testcase classname="International.Truck.Route Representation.Link.Flags.Toll Road" name="Toll road flag present on truck toll links" time="0">
</testcase>
<testcase classname="International.Truck.Route Representation.Link.Speed Limits" name="Truck specific speed limits are taken into account in link speed limit" time="0">
</testcase>
<testcase classname="International.Truck.Route Representation.Link.Speed Limits" name="Speed limits with exceeded weight dependency are taken into account in link speed limit" time="0">
</testcase>
<testcase classname="International.Truck.Route Representation.Link.Speed Limits" name="Speed limits for trucks below weight dependency do not affect link speed limit" time="0">
</testcase>
<testcase classname="International.Truck.Route Representation.Link.Speed Limits" name="Lowest applicable truck speed limit is taken into account in link speed limit" time="0">
</testcase>
<testcase classname="International.Truck.Route Representation.Summary.Flags.Toll Road" name="Toll road flag absent in summary of route with only car toll roads" time="0">
</testcase>
<testcase classname="International.Truck.Route Representation.Summary.Flags.Toll Road" name="Toll road flag present in summary of route with truck toll roads" time="0">
</testcase>
<testcase classname="International.Truck.Route Representation.Summary By Country.Flags.Toll Road" name="Toll road flag absent in summary by country of route with only car toll roads" time="0">
</testcase>
<testcase classname="International.Truck.Route Representation.Summary By Country.Flags.Toll Road" name="Toll road flag present in summary by country of route with truck toll roads" time="0">
</testcase>
<testcase classname="International.Truck.Route Representation.Summary By Country.Toll Roads Distance" name="No toll road distance for countries where route has only car toll roads" time="0">
</testcase>
<testcase classname="International.Truck.Route Representation.Summary By Country.Toll Roads Distance" name="Toll road distance is provided only for countries where route has truck toll roads" time="0">
</testcase>
<testcase classname="International.Truck.Route Representation.Time Dependent Restrictions" name="Validity period of time dependent truck restrictions affecting individual links are part of route response when requested" time="0">
</testcase>
<testcase classname="International.Truck.Route Representation.Time Dependent Restrictions" name="Validity period of time dependent truck restrictions affecting individual links are not part of route response when not requested" time="0">
</testcase>
<testcase classname="International.Truck.Speed Profiles.Speed Assumptions" name="Light truck speed is lower than car speed" time="0">
</testcase>
<testcase classname="International.Truck.Speed Profiles.Speed Assumptions" name="Medium truck speed is lower or equal to light truck speed" time="0">
</testcase>
<testcase classname="International.Truck.Speed Profiles.Speed Assumptions" name="Heavy truck speed is lower or equal to medium truck speed" time="0">
</testcase>
<testcase classname="International.Truck.Speed Profiles.Speed Assumptions" name="Truck speed with fast speed profile is lower or equal to car speed" time="0">
</testcase>
<testcase classname="International.Truck.Speed Profiles.Speed Assumptions" name="Truck max speed in fast speed profile is greater than light truck max speed" time="0">
</testcase>
<testcase classname="International.Truck.Speed Profiles.Speed Assumptions" name="Light truck speed takes into account truck speed limits" time="0">
</testcase>
<testcase classname="International.Truck.Speed Profiles.Speed Assumptions" name="Medium truck speed takes into account truck speed limits" time="0">
</testcase>
<testcase classname="International.Truck.Speed Profiles.Speed Assumptions" name="Heavy truck speed takes into account truck speed limits" time="0">
</testcase>
<testcase classname="International.Truck.Speed Profiles.Speed Assumptions" name="Truck speed with fast speed profile takes into account truck speed limits" time="0">
</testcase>
<testcase classname="International.Truck.Speed Profiles.Speed Assumptions" name="Weight dependent speed limits do not affect speed of truck with unspecified weight" time="0">
</testcase>
<testcase classname="International.Truck.Speed Profiles.Speed Assumptions" name="Weight dependent speed limits do not affect light truck speed when weight not exceeded" time="0">
</testcase>
<testcase classname="International.Truck.Speed Profiles.Speed Assumptions" name="Weight dependent speed limits affects light truck speed when weight exceeded" time="0">
</testcase>
<testcase classname="International.Truck.Speed Profiles.Speed Assumptions" name="Weight dependent speed limit greater then medium truck speed does not affect resulting speed" time="0">
</testcase>
<testcase classname="International.Truck.Speed Profiles.Speed Assumptions" name="Weight dependent speed limits do not affect medium truck speed when weight not exceeded" time="0">
</testcase>
<testcase classname="International.Truck.Speed Profiles.Speed Assumptions" name="Weight dependent speed limits affects medium truck speed when weight exceeded" time="0">
</testcase>
<testcase classname="International.Truck.Speed Profiles.Speed Assumptions" name="Weight dependent speed limits affects heavy truck speed when weight exceeded" time="0">
</testcase>
<testcase classname="International.Truck.Speed Profiles.Speed Assumptions" name="Fast truck speed profile takes into account country specific truck max speed" time="0">
</testcase>
<testcase classname="International.Truck.Speed Profiles.Speed Assumptions" name="Light truck speed profile takes into account country specific truck max speed" time="0">
</testcase>
<testcase classname="International.Truck.Speed Profiles.Travel Time" name="Traveling by light truck takes more time than by car" time="0">
</testcase>
<testcase classname="International.Truck.Speed Profiles.Travel Time" name="Traveling by medium truck takes same or longer time than by light truck" time="0">
</testcase>
<testcase classname="International.Truck.Speed Profiles.Travel Time" name="Traveling by heavy truck takes same or longer time than by medium truck" time="0">
</testcase>
<testcase classname="International.Truck.Speed Profiles.Travel Time" name="Traveling by truck with fast speed profile takes longer time than by car" time="0">
</testcase>
<testcase classname="International.Truck.Speed Profiles.Travel Time" name="Traveling by truck with fast speed profile takes shorter time than light truck" time="0">
</testcase>
<testcase classname="International.Truck.Time Awareness.Access Restrictions" name="Route uses links temporarily forbidden for trucks when departure time is not specified" time="0">
</testcase>
<testcase classname="International.Truck.Time Awareness.Access Restrictions" name="Route uses links temporarily forbidden for trucks beyond restriction validity" time="0">
</testcase>
<testcase classname="International.Truck.Time Awareness.Access Restrictions" name="Route uses links temporarily forbidden for trucks during restriction validity if no alternative" time="0">
</testcase>
<testcase classname="International.Truck.Time Awareness.Access Restrictions" name="Route does not use links temporarily forbidden for trucks during restriction validity" time="0">
</testcase>
<testcase classname="International.Truck.Time Awareness.Access Restrictions" name="A STOP waypoint with the right waiting time will make the Route use links temporarily forbidden for trucks" time="0">
</testcase>
<testcase classname="International.Truck.Time Awareness.Maneuvers" name="Maneuvers with violated restriction are used when departure time is not specified" time="0">
</testcase>
<testcase classname="International.Truck.Time Awareness.Maneuvers" name="Maneuvers with non-violated restriction are used beyond restriction validity" time="0">
</testcase>
<testcase classname="International.Truck.Time Awareness.Maneuvers" name="Maneuvers with violated restriction are used beyond restriction validity" time="0">
</testcase>
<testcase classname="International.Truck.Time Awareness.Maneuvers" name="Maneuvers with non-violated restriction are used during restriction validity" time="0">
</testcase>
<testcase classname="International.Truck.Time Awareness.Maneuvers" name="Maneuvers with violated restriction are not used during restriction validity" time="0">
</testcase>
<testcase classname="International.Truck.Time Awareness.Truck Restrictions" name="Route uses links with violated restriction when departure time is not specified" time="0">
</testcase>
<testcase classname="International.Truck.Time Awareness.Truck Restrictions" name="Route uses links with non-violated restriction beyond restriction validity" time="0">
</testcase>
<testcase classname="International.Truck.Time Awareness.Truck Restrictions" name="Route uses links with violated restriction beyond restriction validity" time="0">
</testcase>
<testcase classname="International.Truck.Time Awareness.Truck Restrictions" name="Route uses links with non-violated restriction during restriction validity" time="0">
</testcase>
<testcase classname="International.Truck.Time Awareness.Truck Restrictions" name="Route uses links with violated restriction during restriction validity if no alternative" time="0">
</testcase>
<testcase classname="International.Truck.Time Awareness.Truck Restrictions" name="Route does not use links with violated restriction during restriction validity" time="0">
</testcase>
</testsuite>
